<?xml version="1.0" encoding="UTF-8"?>
<!-- Generated by org.testng.reporters.JUnitXMLReporter -->
<testsuite hostname="LAPTOP-ES9GKDT3" ignored="0" name="JSErrorTests" tests="1" failures="1" timestamp="17 Mar 2022 21:38:30 GMT" time="3.096" errors="0">
  <testcase name="jsErrorTest" time="0.453" classname="com.herokuapp.theinternet.jserrortests.JSErrorTests">
    <failure type="java.lang.AssertionError" message="The following asserts failed:
	severe error:http://298279967.log.optimizely.com/event?a=298279967&amp;amp;d=298279967&amp;amp;y=false&amp;amp;n=http%3A%2F%2Fthe-internet.herokuapp.com%2F&amp;amp;u=oeu1647553109664r0.9949467222964803&amp;amp;wxhr=true&amp;amp;t=1647553109669&amp;amp;f=298349752,318188263 - Failed to load resource: net::ERR_NAME_NOT_RESOLVED,
	severe error:http://the-internet.herokuapp.com/favicon.ico - Failed to load resource: the server responded with a status of 404 (Not Found),
	severe error:http://298279967.log.optimizely.com/event?a=298279967&amp;amp;d=298279967&amp;amp;y=false&amp;amp;n=engagement&amp;amp;g=298283957&amp;amp;u=oeu1647553109664r0.9949467222964803&amp;amp;wxhr=true&amp;amp;t=1647553109894&amp;amp;f=298349752,318188263 - Failed to load resource: net::ERR_NAME_NOT_RESOLVED,
	severe error:http://the-internet.herokuapp.com/javascript_error 6:51 Uncaught TypeError: Cannot read properties of undefined (reading &amp;apos;xyz&amp;apos;)">
      <![CDATA[java.lang.AssertionError: The following asserts failed:
severe error:http://298279967.log.optimizely.com/event?a=298279967&d=298279967&y=false&n=http%3A%2F%2Fthe-internet.herokuapp.com%2F&u=oeu1647553109664r0.9949467222964803&wxhr=true&t=1647553109669&f=298349752,318188263 - Failed to load resource: net::ERR_NAME_NOT_RESOLVED,
severe error:http://the-internet.herokuapp.com/favicon.ico - Failed to load resource: the server responded with a status of 404 (Not Found),
severe error:http://298279967.log.optimizely.com/event?a=298279967&d=298279967&y=false&n=engagement&g=298283957&u=oeu1647553109664r0.9949467222964803&wxhr=true&t=1647553109894&f=298349752,318188263 - Failed to load resource: net::ERR_NAME_NOT_RESOLVED,
severe error:http://the-internet.herokuapp.com/javascript_error 6:51 Uncaught TypeError: Cannot read properties of undefined (reading 'xyz')
at com.herokuapp.theinternet.jserrortests.JSErrorTests.jsErrorTest(JSErrorTests.java:32)
... Removed 26 stack frames]]>
    </failure>
  </testcase> <!-- jsErrorTest -->
</testsuite> <!-- JSErrorTests -->
