<?xml version="1.0" encoding="UTF-8"?>
<!-- Generated by org.testng.reporters.JUnitXMLReporter -->
<testsuite hostname="LAPTOP-ES9GKDT3" ignored="0" name="CheckBoxPageTest-IOS" tests="1" failures="0" timestamp="23 Mar 2022 23:52:48 GMT" time="0.549" errors="0">
  <testcase name="@BeforeMethod setUp" time="0.54" classname="com.herokuapp.theinternet.base.BaseTest">
    <failure type="org.openqa.selenium.InvalidArgumentException" message="invalid argument: entry 0 of &amp;apos;firstMatch&amp;apos; is invalid
from invalid argument: cannot parse capability: goog:chromeOptions
from invalid argument: cannot parse mobileEmulation
from invalid argument: &amp;apos;iPhone 12 Pro&amp;apos; must be a valid device
from unknown error: must be a valid device
Build info: version: &amp;apos;3.14.0&amp;apos;, revision: &amp;apos;aacccce0&amp;apos;, time: &amp;apos;2018-08-02T20:19:58.91Z&amp;apos;
System info: host: &amp;apos;LAPTOP-ES9GKDT3&amp;apos;, ip: &amp;apos;192.168.1.166&amp;apos;, os.name: &amp;apos;Windows 10&amp;apos;, os.arch: &amp;apos;amd64&amp;apos;, os.version: &amp;apos;10.0&amp;apos;, java.version: &amp;apos;1.8.0_311&amp;apos;
Driver info: driver.version: ChromeDriver
remote stacktrace: Backtrace:
	Ordinal0 [0x00FD69A3+2582947]
	Ordinal0 [0x00F6A6D1+2139857]
	Ordinal0 [0x00E63A98+1063576]
	Ordinal0 [0x00E5E349+1041225]
	Ordinal0 [0x00E7C061+1163361]
	Ordinal0 [0x00E7B7A1+1161121]
	Ordinal0 [0x00E7C270+1163888]
	Ordinal0 [0x00E79836+1153078]
	Ordinal0 [0x00E7C270+1163888]
	Ordinal0 [0x00E7607E+1138814]
	Ordinal0 [0x00EAC074+1359988]
	Ordinal0 [0x00EABADC+1358556]
	Ordinal0 [0x00EACDE5+1363429]
	Ordinal0 [0x00EACC2A+1362986]
	Ordinal0 [0x00EA8366+1344358]
	Ordinal0 [0x00E85176+1200502]
	Ordinal0 [0x00E86066+1204326]
	GetHandleVerifier [0x0117BE02+1675858]
	GetHandleVerifier [0x0123036C+2414524]
	GetHandleVerifier [0x0106BB01+560977]
	GetHandleVerifier [0x0106A8D3+556323]
	Ordinal0 [0x00F7020E+2163214]
	Ordinal0 [0x00F75078+2183288]
	Ordinal0 [0x00F751C0+2183616]
	Ordinal0 [0x00F7EE1C+2223644]
	BaseThreadInitThunk [0x7627FA29+25]
	RtlGetAppContainerNamedObjectPath [0x77A27A7E+286]
	RtlGetAppContainerNamedObjectPath [0x77A27A4E+238]
">
      <![CDATA[org.openqa.selenium.InvalidArgumentException: invalid argument: entry 0 of 'firstMatch' is invalid
from invalid argument: cannot parse capability: goog:chromeOptions
from invalid argument: cannot parse mobileEmulation
from invalid argument: 'iPhone 12 Pro' must be a valid device
from unknown error: must be a valid device
Build info: version: '3.14.0', revision: 'aacccce0', time: '2018-08-02T20:19:58.91Z'
System info: host: 'LAPTOP-ES9GKDT3', ip: '192.168.1.166', os.name: 'Windows 10', os.arch: 'amd64', os.version: '10.0', java.version: '1.8.0_311'
Driver info: driver.version: ChromeDriver
remote stacktrace: Backtrace:
Ordinal0 [0x00FD69A3+2582947]
Ordinal0 [0x00F6A6D1+2139857]
Ordinal0 [0x00E63A98+1063576]
Ordinal0 [0x00E5E349+1041225]
Ordinal0 [0x00E7C061+1163361]
Ordinal0 [0x00E7B7A1+1161121]
Ordinal0 [0x00E7C270+1163888]
Ordinal0 [0x00E79836+1153078]
Ordinal0 [0x00E7C270+1163888]
Ordinal0 [0x00E7607E+1138814]
Ordinal0 [0x00EAC074+1359988]
Ordinal0 [0x00EABADC+1358556]
Ordinal0 [0x00EACDE5+1363429]
Ordinal0 [0x00EACC2A+1362986]
Ordinal0 [0x00EA8366+1344358]
Ordinal0 [0x00E85176+1200502]
Ordinal0 [0x00E86066+1204326]
GetHandleVerifier [0x0117BE02+1675858]
GetHandleVerifier [0x0123036C+2414524]
GetHandleVerifier [0x0106BB01+560977]
GetHandleVerifier [0x0106A8D3+556323]
Ordinal0 [0x00F7020E+2163214]
Ordinal0 [0x00F75078+2183288]
Ordinal0 [0x00F751C0+2183616]
Ordinal0 [0x00F7EE1C+2223644]
BaseThreadInitThunk [0x7627FA29+25]
RtlGetAppContainerNamedObjectPath [0x77A27A7E+286]
RtlGetAppContainerNamedObjectPath [0x77A27A4E+238]

at org.openqa.selenium.remote.W3CHandshakeResponse.lambda$new$0(W3CHandshakeResponse.java:57)
at org.openqa.selenium.remote.W3CHandshakeResponse.lambda$getResponseFunction$2(W3CHandshakeResponse.java:104)
at org.openqa.selenium.remote.ProtocolHandshake.lambda$createSession$0(ProtocolHandshake.java:122)
at java.util.stream.ReferencePipeline$3$1.accept(ReferencePipeline.java:193)
at java.util.Spliterators$ArraySpliterator.tryAdvance(Spliterators.java:958)
at java.util.stream.ReferencePipeline.forEachWithCancel(ReferencePipeline.java:126)
at java.util.stream.AbstractPipeline.copyIntoWithCancel(AbstractPipeline.java:499)
at java.util.stream.AbstractPipeline.copyInto(AbstractPipeline.java:486)
at java.util.stream.AbstractPipeline.wrapAndCopyInto(AbstractPipeline.java:472)
at java.util.stream.FindOps$FindOp.evaluateSequential(FindOps.java:152)
at java.util.stream.AbstractPipeline.evaluate(AbstractPipeline.java:234)
at java.util.stream.ReferencePipeline.findFirst(ReferencePipeline.java:464)
at org.openqa.selenium.remote.ProtocolHandshake.createSession(ProtocolHandshake.java:125)
at org.openqa.selenium.remote.ProtocolHandshake.createSession(ProtocolHandshake.java:73)
at org.openqa.selenium.remote.HttpCommandExecutor.execute(HttpCommandExecutor.java:136)
at org.openqa.selenium.remote.service.DriverCommandExecutor.execute(DriverCommandExecutor.java:83)
at org.openqa.selenium.remote.RemoteWebDriver.execute(RemoteWebDriver.java:548)
at org.openqa.selenium.remote.RemoteWebDriver.startSession(RemoteWebDriver.java:212)
at org.openqa.selenium.remote.RemoteWebDriver.<init>(RemoteWebDriver.java:130)
at org.openqa.selenium.chrome.ChromeDriver.<init>(ChromeDriver.java:181)
at org.openqa.selenium.chrome.ChromeDriver.<init>(ChromeDriver.java:168)
at org.openqa.selenium.chrome.ChromeDriver.<init>(ChromeDriver.java:157)
at com.herokuapp.theinternet.base.BrowserDriverFactory.createChromeWithMobileEmulation(BrowserDriverFactory.java:63)
at com.herokuapp.theinternet.base.BaseTest.setUp(BaseTest.java:32)
... Removed 32 stack frames]]>
    </failure>
  </testcase> <!-- @BeforeMethod setUp -->
  <testcase name="@AfterMethod tearDown" time="0.0" classname="com.herokuapp.theinternet.base.BaseTest">
    <failure type="java.lang.NullPointerException">
      <![CDATA[java.lang.NullPointerException
at com.herokuapp.theinternet.base.BaseTest.tearDown(BaseTest.java:48)
... Removed 28 stack frames]]>
    </failure>
  </testcase> <!-- @AfterMethod tearDown -->
  <testcase name="selectingCheckBoxTest" time="0.0" classname="com.herokuapp.theinternet.CheckBoxPageTest.CheckBoxPageTest">
    <skipped/>
  </testcase> <!-- selectingCheckBoxTest -->
</testsuite> <!-- CheckBoxPageTest-IOS -->
