<?xml version="1.0" encoding="UTF-8"?>
<!-- Generated by org.testng.reporters.JUnitReportReporter -->
<testsuite skipped="0" hostname="LAPTOP-ES9GKDT3" name="com.herokuapp.theinternet.jserrortests.JSErrorTests" tests="1" failures="1" timestamp="17 Mar 2022 21:38:30 GMT" time="3.068" errors="0">
  <testcase name="jsErrorTest" time="3.068" classname="com.herokuapp.theinternet.jserrortests.JSErrorTests">
    <failure type="java.lang.AssertionError" message="The following asserts failed:
	severe error:http://298279967.log.optimizely.com/event?a=298279967&amp;d=298279967&amp;y=false&amp;n=http%3A%2F%2Fthe-internet.herokuapp.com%2F&amp;u=oeu1647553109664r0.9949467222964803&amp;wxhr=true&amp;t=1647553109669&amp;f=298349752,318188263 - Failed to load resource: net::ERR_NAME_NOT_RESOLVED,
	severe error:http://the-internet.herokuapp.com/favicon.ico - Failed to load resource: the server responded with a status of 404 (Not Found),
	severe error:http://298279967.log.optimizely.com/event?a=298279967&amp;d=298279967&amp;y=false&amp;n=engagement&amp;g=298283957&amp;u=oeu1647553109664r0.9949467222964803&amp;wxhr=true&amp;t=1647553109894&amp;f=298349752,318188263 - Failed to load resource: net::ERR_NAME_NOT_RESOLVED,
	severe error:http://the-internet.herokuapp.com/javascript_error 6:51 Uncaught TypeError: Cannot read properties of undefined (reading &#039;xyz&#039;)">
      <![CDATA[java.lang.AssertionError: The following asserts failed:
severe error:http://298279967.log.optimizely.com/event?a=298279967&d=298279967&y=false&n=http%3A%2F%2Fthe-internet.herokuapp.com%2F&u=oeu1647553109664r0.9949467222964803&wxhr=true&t=1647553109669&f=298349752,318188263 - Failed to load resource: net::ERR_NAME_NOT_RESOLVED,
severe error:http://the-internet.herokuapp.com/favicon.ico - Failed to load resource: the server responded with a status of 404 (Not Found),
severe error:http://298279967.log.optimizely.com/event?a=298279967&d=298279967&y=false&n=engagement&g=298283957&u=oeu1647553109664r0.9949467222964803&wxhr=true&t=1647553109894&f=298349752,318188263 - Failed to load resource: net::ERR_NAME_NOT_RESOLVED,
severe error:http://the-internet.herokuapp.com/javascript_error 6:51 Uncaught TypeError: Cannot read properties of undefined (reading 'xyz')
at org.testng.asserts.SoftAssert.assertAll(SoftAssert.java:43)
at com.herokuapp.theinternet.jserrortests.JSErrorTests.jsErrorTest(JSErrorTests.java:32)
at sun.reflect.NativeMethodAccessorImpl.invoke0(Native Method)
at sun.reflect.NativeMethodAccessorImpl.invoke(NativeMethodAccessorImpl.java:62)
at sun.reflect.DelegatingMethodAccessorImpl.invoke(DelegatingMethodAccessorImpl.java:43)
at java.lang.reflect.Method.invoke(Method.java:498)
at org.testng.internal.MethodInvocationHelper.invokeMethod(MethodInvocationHelper.java:124)
at org.testng.internal.Invoker.invokeMethod(Invoker.java:583)
at org.testng.internal.Invoker.invokeTestMethod(Invoker.java:719)
at org.testng.internal.Invoker.invokeTestMethods(Invoker.java:989)
at org.testng.internal.TestMethodWorker.invokeTestMethods(TestMethodWorker.java:125)
at org.testng.internal.TestMethodWorker.run(TestMethodWorker.java:109)
at org.testng.TestRunner.privateRun(TestRunner.java:648)
at org.testng.TestRunner.run(TestRunner.java:505)
at org.testng.SuiteRunner.runTest(SuiteRunner.java:455)
at org.testng.SuiteRunner.runSequentially(SuiteRunner.java:450)
at org.testng.SuiteRunner.privateRun(SuiteRunner.java:415)
at org.testng.SuiteRunner.run(SuiteRunner.java:364)
at org.testng.SuiteRunnerWorker.runSuite(SuiteRunnerWorker.java:52)
at org.testng.SuiteRunnerWorker.run(SuiteRunnerWorker.java:84)
at org.testng.TestNG.runSuitesSequentially(TestNG.java:1208)
at org.testng.TestNG.runSuitesLocally(TestNG.java:1137)
at org.testng.TestNG.runSuites(TestNG.java:1049)
at org.testng.TestNG.run(TestNG.java:1017)
at org.testng.remote.AbstractRemoteTestNG.run(AbstractRemoteTestNG.java:115)
at org.testng.remote.RemoteTestNG.initAndRun(RemoteTestNG.java:251)
at org.testng.remote.RemoteTestNG.main(RemoteTestNG.java:77)
]]>
    </failure>
  </testcase> <!-- jsErrorTest -->
</testsuite> <!-- com.herokuapp.theinternet.jserrortests.JSErrorTests -->
